brew ~/meld/osx$ build_app.sh
bash: build_app.sh: command not found
brew ~/meld/osx$ sh build_app.sh
/usr/local/Cellar/python/2.7.9/Frameworks/Python.framework/Versions/2.7/Resources/Python.app/Contents/MacOS/Python: can't open file 'setup_py2app.py': [Errno 2] No such file or directory
/usr/local/Cellar/python/2.7.9/Frameworks/Python.framework/Versions/2.7/Resources/Python.app/Contents/MacOS/Python: can't open file 'setup_py2app.py': [Errno 2] No such file or directory
cp: /Users/nma/gtk/inst/share/icons/Tango: No such file or directory
cp: data/icons/*: No such file or directory
cp: /Users/nma/gtk/inst/share/themes/Clearlooks/: No such file or directory
cp: /Users/nma/gtk/inst/share/themes/Mac/: No such file or directory
cp: /Users/nma/gtk/inst/share/gtksourceview-2.0: No such file or directory
cp: osx/gtkrc: No such file or directory
cp: osx/pangorc: No such file or directory
cp: /Users/nma/gtk/inst/lib/girepository-1.0: No such file or directory
cp: /Users/nma/gtk/inst/lib/gtk-2.0: No such file or directory
mv: rename dist/Meld.app//Contents/MacOS/Meld to dist/Meld.app//Contents/MacOS/Meld-bin: No such file or directory
cp: osx/Meld: No such file or directory
chmod: dist/Meld.app//Contents/MacOS/Meld: No such file or directory
...............................................................................
created: /Users/nma/meld/osx/myimg.dmg
/dev/disk1          	GUID_partition_scheme          	
/dev/disk1s1        	Apple_HFS                      	/Volumes/Meld Merge
building file list ... done
Meld.app/
Meld.app/Contents/
Meld.app/Contents/Resources/
Meld.app/Contents/Resources/etc/
Meld.app/Contents/Resources/etc/gtk-2.0/
Meld.app/Contents/Resources/etc/pango/
Meld.app/Contents/Resources/etc/xdg/
Meld.app/Contents/Resources/lib/
Meld.app/Contents/Resources/share/
Meld.app/Contents/Resources/share/icons/
Meld.app/Contents/Resources/share/themes/

sent 280 bytes  received 86 bytes  732.00 bytes/sec
total size is 0  speedup is 0.00
~/meld/osx ~/meld/osx
~/meld/osx
cp: osx/DS_Store: No such file or directory
"disk1" unmounted.
"disk1" ejected.
正在準備用來製作映像檔的引擎⋯
正在讀取Protective Master Boot Record（MBR：0）⋯
（CRC32 $B25B96F0：Protective Master Boot Record（MBR：0））
正在讀取GPT Header（Primary GPT Header：1）⋯
（CRC32 $96E2F2F9：GPT Header（Primary GPT Header：1））
正在讀取GPT Partition Data（Primary GPT Table：2）⋯
（CRC32 $71DE1BF7：GPT Partition Data（Primary GPT Table：2））
正在讀取（Apple_Free：3）⋯
（CRC32 $00000000：（Apple_Free：3））
正在讀取disk image（Apple_HFS：4）⋯
..............................................................................
（CRC32 $195C049B：disk image（Apple_HFS：4））
正在讀取（Apple_Free：5）⋯
..............................................................................
（CRC32 $00000000：（Apple_Free：5））
正在讀取GPT Partition Data（Backup GPT Table：6）⋯
..............................................................................
（CRC32 $71DE1BF7：GPT Partition Data（Backup GPT Table：6））
正在讀取GPT Header（Backup GPT Header：7）⋯
...............................................................................
（CRC32 $D0CEBA3E：GPT Header（Backup GPT Header：7））
正在加入資源⋯
...............................................................................
經過時間： 1.307s
檔案大小：40095 byte，核對碼：CRC32 $CC0639FE
處理的磁區：512000，已壓縮 12092 個
速度：4.5Mbyte∕秒
節省：100.0%
created: /Users/nma/meld/osx/meldmerge.dmg
brew ~/meld/osx$ ./meldmerge.dmg
bash: ./meldmerge.dmg: Permission denied
brew ~/meld/osx$ 

